/home/vdankers/ULL/Lab3/Lab3_virtualenv/lib/python3.5/site-packages/torch/serialization.py:367: SourceChangeWarning: source code of class 'Encoder.Encoder' has changed. you can retrieve the original source code by accessing the object's source attribute or set `torch.nn.Module.dump_patches = True` and use the patch tool to revert the changes.
  warnings.warn(msg, SourceChangeWarning)
2018-05-31 11:16:35,740 : ***** Transfer task : MR *****


2018-05-31 11:16:36,533 : Generating sentence embeddings
2018-05-31 11:25:35,429 : Generated sentence embeddings
2018-05-31 11:25:35,430 : Training sklearn-LogReg with (inner) 10-fold cross-validation
2018-05-31 11:25:58,872 : Best param found at split 1: l2reg = 2                 with score 67.75
2018-05-31 11:26:23,481 : Best param found at split 2: l2reg = 2                 with score 67.74
2018-05-31 11:26:46,677 : Best param found at split 3: l2reg = 8                 with score 67.72
2018-05-31 11:27:10,824 : Best param found at split 4: l2reg = 8                 with score 67.48
2018-05-31 11:27:34,957 : Best param found at split 5: l2reg = 2                 with score 67.6
2018-05-31 11:27:59,851 : Best param found at split 6: l2reg = 8                 with score 67.15
2018-05-31 11:28:24,163 : Best param found at split 7: l2reg = 4                 with score 67.36
2018-05-31 11:28:49,534 : Best param found at split 8: l2reg = 8                 with score 67.61
2018-05-31 11:29:12,198 : Best param found at split 9: l2reg = 8                 with score 67.51
2018-05-31 11:29:36,552 : Best param found at split 10: l2reg = 8                 with score 67.48
2018-05-31 11:29:37,163 : Dev acc : 67.54 Test acc : 67.83

2018-05-31 11:29:37,165 : ***** Transfer task : CR *****


2018-05-31 11:29:37,904 : Generating sentence embeddings
2018-05-31 11:32:40,128 : Generated sentence embeddings
2018-05-31 11:32:40,129 : Training sklearn-LogReg with (inner) 10-fold cross-validation
2018-05-31 11:32:47,910 : Best param found at split 1: l2reg = 8                 with score 72.92
2018-05-31 11:32:56,799 : Best param found at split 2: l2reg = 4                 with score 73.15
2018-05-31 11:33:02,931 : Best param found at split 3: l2reg = 8                 with score 73.21
2018-05-31 11:33:09,606 : Best param found at split 4: l2reg = 4                 with score 73.18
2018-05-31 11:33:13,684 : Best param found at split 5: l2reg = 8                 with score 72.77
2018-05-31 11:33:17,669 : Best param found at split 6: l2reg = 8                 with score 73.06
2018-05-31 11:33:23,893 : Best param found at split 7: l2reg = 4                 with score 73.24
2018-05-31 11:33:35,025 : Best param found at split 8: l2reg = 8                 with score 73.37
2018-05-31 11:33:41,089 : Best param found at split 9: l2reg = 8                 with score 73.64
2018-05-31 11:33:48,389 : Best param found at split 10: l2reg = 4                 with score 73.11
2018-05-31 11:33:48,695 : Dev acc : 73.16 Test acc : 73.51

2018-05-31 11:33:48,696 : ***** Transfer task : MPQA *****


2018-05-31 11:33:49,579 : Generating sentence embeddings
2018-05-31 11:35:30,734 : Generated sentence embeddings
2018-05-31 11:35:30,735 : Training sklearn-LogReg with (inner) 10-fold cross-validation
2018-05-31 11:35:55,009 : Best param found at split 1: l2reg = 8                 with score 84.57
2018-05-31 11:36:18,866 : Best param found at split 2: l2reg = 8                 with score 84.64
2018-05-31 11:36:42,110 : Best param found at split 3: l2reg = 8                 with score 84.67
2018-05-31 11:37:07,534 : Best param found at split 4: l2reg = 4                 with score 84.98
2018-05-31 11:37:31,417 : Best param found at split 5: l2reg = 8                 with score 84.52
2018-05-31 11:37:54,887 : Best param found at split 6: l2reg = 4                 with score 84.58
2018-05-31 11:38:18,635 : Best param found at split 7: l2reg = 4                 with score 84.61
2018-05-31 11:38:42,414 : Best param found at split 8: l2reg = 2                 with score 84.49
2018-05-31 11:39:05,994 : Best param found at split 9: l2reg = 4                 with score 84.75
2018-05-31 11:39:28,833 : Best param found at split 10: l2reg = 8                 with score 84.47
2018-05-31 11:39:29,388 : Dev acc : 84.63 Test acc : 84.62

2018-05-31 11:39:29,390 : ***** Transfer task : SUBJ *****


2018-05-31 11:39:30,213 : Generating sentence embeddings
2018-05-31 11:48:22,870 : Generated sentence embeddings
2018-05-31 11:48:22,877 : Training sklearn-LogReg with (inner) 10-fold cross-validation
2018-05-31 11:48:47,705 : Best param found at split 1: l2reg = 4                 with score 83.13
2018-05-31 11:49:12,917 : Best param found at split 2: l2reg = 8                 with score 83.29
2018-05-31 11:49:37,213 : Best param found at split 3: l2reg = 8                 with score 83.57
2018-05-31 11:50:00,883 : Best param found at split 4: l2reg = 4                 with score 83.32
2018-05-31 11:50:25,389 : Best param found at split 5: l2reg = 8                 with score 83.19
2018-05-31 11:50:50,041 : Best param found at split 6: l2reg = 4                 with score 83.3
2018-05-31 11:51:14,308 : Best param found at split 7: l2reg = 4                 with score 83.17
2018-05-31 11:51:37,962 : Best param found at split 8: l2reg = 8                 with score 83.26
2018-05-31 11:52:03,448 : Best param found at split 9: l2reg = 4                 with score 83.13
2018-05-31 11:52:29,313 : Best param found at split 10: l2reg = 8                 with score 83.19
2018-05-31 11:52:29,892 : Dev acc : 83.26 Test acc : 83.18

2018-05-31 11:52:29,894 : ***** Transfer task : SST Binary classification *****


2018-05-31 11:52:30,992 : Computing embedding for dev
2018-05-31 11:53:15,421 : Computed dev embeddings
2018-05-31 11:53:15,421 : Computing embedding for test
2018-05-31 11:54:44,521 : Computed test embeddings
2018-05-31 11:54:44,527 : Computing embedding for train
2018-05-31 12:27:42,529 : Computed train embeddings
2018-05-31 12:27:42,535 : Training sklearn-LogReg with standard validation..
2018-05-31 12:28:06,077 : [('reg:0.25', 70.87), ('reg:0.5', 70.99), ('reg:1', 71.33), ('reg:2', 71.44), ('reg:4', 71.67), ('reg:8', 71.22)]
2018-05-31 12:28:06,078 : Validation : best param found is reg = 4 with score             71.67
2018-05-31 12:28:06,078 : Evaluating...
2018-05-31 12:28:11,848 : 
Dev acc : 71.67 Test acc : 70.18 for             SST Binary classification

2018-05-31 12:28:11,874 : ***** Transfer task : TREC *****


2018-05-31 12:31:06,471 : Computed train embeddings
2018-05-31 12:31:19,847 : Computed test embeddings
2018-05-31 12:31:19,848 : Training sklearn-LogReg with 10-fold cross-validation
2018-05-31 12:32:15,722 : [('reg:0.5', 55.3), ('reg:1', 57.04), ('reg:2', 58.48), ('reg:4', 59.61), ('reg:8', 60.55), ('reg:16', 60.91), ('reg:32', 61.21)]
2018-05-31 12:32:15,722 : Cross-validation : best param found is reg = 32             with score 61.21
2018-05-31 12:32:15,722 : Evaluating...
2018-05-31 12:32:17,298 : 
Dev acc : 61.21 Test acc : 67.4             for TREC

2018-05-31 12:32:17,299 : ***** Transfer task : MRPC *****


2018-05-31 12:32:18,187 : Computing embedding for test
2018-05-31 12:35:35,514 : Computed test embeddings
2018-05-31 12:35:35,521 : Computing embedding for train
2018-05-31 12:42:55,951 : Computed train embeddings
2018-05-31 12:42:55,953 : Training sklearn-LogReg with 10-fold cross-validation
2018-05-31 12:43:26,499 : [('reg:0.5', 70.22), ('reg:1', 70.83), ('reg:2', 71.47), ('reg:4', 71.74), ('reg:8', 71.98), ('reg:16', 71.94), ('reg:32', 71.81)]
2018-05-31 12:43:26,499 : Cross-validation : best param found is reg = 8             with score 71.98
2018-05-31 12:43:26,499 : Evaluating...
2018-05-31 12:43:26,997 : Dev acc : 71.98 Test acc 71.77; Test F1 80.76 for MRPC.

2018-05-31 12:43:26,997 : ***** Transfer task : SICK-Entailment*****


2018-05-31 12:43:27,874 : Computing embedding for dev
2018-05-31 12:44:08,296 : Computed dev embeddings
2018-05-31 12:44:08,297 : Computing embedding for test
2018-05-31 12:50:27,605 : Computed test embeddings
2018-05-31 12:50:27,605 : Computing embedding for train
2018-05-31 12:55:04,846 : Computed train embeddings
2018-05-31 12:55:04,851 : Training sklearn-LogReg with standard validation..
2018-05-31 12:55:07,844 : [('reg:0.25', 68.8), ('reg:0.5', 69.6), ('reg:1', 70.4), ('reg:2', 69.4), ('reg:4', 70.6), ('reg:8', 71.4)]
2018-05-31 12:55:07,845 : Validation : best param found is reg = 8 with score             71.4
2018-05-31 12:55:07,845 : Evaluating...
2018-05-31 12:55:08,515 : 
Dev acc : 71.4 Test acc : 73.23 for                        SICK entailment

2018-05-31 12:55:08,516 : ***** Transfer task : STS14 *****


2018-05-31 12:55:44,277 : deft-forum : pearson = 0.0784, spearman = 0.1095
2018-05-31 12:56:13,050 : deft-news : pearson = 0.2004, spearman = 0.3198
2018-05-31 12:57:01,725 : headlines : pearson = 0.5085, spearman = 0.4716
2018-05-31 12:57:47,993 : images : pearson = 0.4171, spearman = 0.4569
2018-05-31 12:58:35,448 : OnWN : pearson = 0.3129, spearman = 0.4038
2018-05-31 12:59:28,486 : tweet-news : pearson = 0.4558, spearman = 0.4679
2018-05-31 12:59:28,486 : ALL (weighted average) : Pearson = 0.3643,             Spearman = 0.3987
2018-05-31 12:59:28,486 : ALL (average) : Pearson = 0.3289,             Spearman = 0.3716

2018-05-31 12:59:28,486 : {'SST2': {'ntest': 1821, 'ndev': 872, 'acc': 70.18, 'devacc': 71.67}, 'MPQA': {'ntest': 10606, 'ndev': 10606, 'acc': 84.62, 'devacc': 84.63}, 'SUBJ': {'ntest': 10000, 'ndev': 10000, 'acc': 83.18, 'devacc': 83.26}, 'MR': {'ntest': 10662, 'ndev': 10662, 'acc': 67.83, 'devacc': 67.54}, 'TREC': {'ntest': 500, 'ndev': 5452, 'acc': 67.4, 'devacc': 61.21}, 'STS14': {'OnWN': {'pearson': (0.3129201448524379, 1.6828967641917038e-18), 'nsamples': 750, 'spearman': SpearmanrResult(correlation=0.40375343826871973, pvalue=8.950708763656977e-31)}, 'deft-news': {'pearson': (0.20041309948427066, 0.0004789479084078795), 'nsamples': 300, 'spearman': SpearmanrResult(correlation=0.31976124218048324, pvalue=1.4726470802267415e-08)}, 'all': {'pearson': {'mean': 0.3288624557881877, 'wmean': 0.3643112800079719}, 'spearman': {'mean': 0.3715626170371836, 'wmean': 0.39874512356313724}}, 'images': {'pearson': (0.4170713097037819, 6.347386217778943e-33), 'nsamples': 750, 'spearman': SpearmanrResult(correlation=0.45686962304699896, pvalue=5.9751921136873025e-40)}, 'headlines': {'pearson': (0.5085459911606854, 1.4202568209634255e-50), 'nsamples': 750, 'spearman': SpearmanrResult(correlation=0.4716256285358935, pvalue=8.426823125161485e-43)}, 'tweet-news': {'pearson': (0.4557980020311901, 9.50601807899582e-40), 'nsamples': 750, 'spearman': SpearmanrResult(correlation=0.46788242244319245, pvalue=4.592451469961974e-42)}, 'deft-forum': {'pearson': (0.07842618749676022, 0.0965922987903991), 'nsamples': 450, 'spearman': SpearmanrResult(correlation=0.1094833477478137, pvalue=0.020178079504559444)}}, 'MRPC': {'ntest': 1725, 'f1': 80.76, 'acc': 71.77, 'devacc': 71.98, 'ndev': 4076}, 'SICKEntailment': {'ntest': 4927, 'ndev': 500, 'acc': 73.23, 'devacc': 71.4}, 'CR': {'ntest': 3775, 'ndev': 3775, 'acc': 73.51, 'devacc': 73.16}}
imports complete
